<?xml version="1.0" encoding="UTF-8"?>
<!-- Generated by org.testng.reporters.JUnitReportReporter -->
<testsuite skipped="0" hostname="Dell-PC" name="com.udemy.testng.TestCaseOne" tests="1" failures="0" timestamp="09 May 2018 23:07:09 GMT" time="0.004" errors="0">
  <testcase name="f" time="0.004" classname="com.udemy.testng.TestCaseOne"/>
</testsuite> <!-- com.udemy.testng.TestCaseOne -->
